<?xml version="1.0" encoding="UTF-8"?>
<Site BuildName="Linux-g++"
	BuildStamp="20230611-0705-Experimental"
	Name="localhost"
	Generator="ctest-3.22.1"
	CompilerName="/usr/bin/g++"
	CompilerVersion="11.3.0"
	OSName="Linux"
	Hostname="localhost"
	OSRelease="5.15.90.1-microsoft-standard-WSL2"
	OSVersion="#1 SMP Fri Jan 27 02:56:13 UTC 2023"
	OSPlatform="x86_64"
	Is64Bits="1"
	VendorString="AuthenticAMD"
	VendorID="Advanced Micro Devices"
	FamilyID="23"
	ModelID="96"
	ProcessorCacheSize="512"
	NumberOfLogicalCPU="16"
	NumberOfPhysicalCPU="8"
	TotalVirtualMemory="2048"
	TotalPhysicalMemory="7650"
	LogicalProcessorsPerPhysical="2"
	ProcessorClockFrequency="2894.58"
	>
	<Testing>
		<StartDateTime>Jun 11 15:06 CST</StartDateTime>
		<StartTestTime>1686467192</StartTestTime>
		<TestList/>
		<EndDateTime>Jun 11 15:06 CST</EndDateTime>
		<EndTestTime>1686467192</EndTestTime>
		<ElapsedMinutes>0</ElapsedMinutes>
	</Testing>
</Site>
